<?xml version="1.0" encoding="UTF-8"?>
<testsuite name="Variant3Test" tests="19" skipped="0" failures="0" errors="0" timestamp="2022-11-11T16:48:28" hostname="DESKTOP-PHDPGCK" time="0.032">
  <properties/>
  <testcase name="arrayProviderTest[0](10, 1, 1, [I@56928307)" classname="Variant3Test" time="0.005"/>
  <testcase name="arrayProviderTest[1](5, 2, 1, [I@64bce832)" classname="Variant3Test" time="0.0"/>
  <testcase name="booleanProviderTest[0](2, true)" classname="Variant3Test" time="0.0"/>
  <testcase name="booleanProviderTest[1](3, false)" classname="Variant3Test" time="0.0"/>
  <testcase name="booleanProviderTest[2](10, true)" classname="Variant3Test" time="0.0"/>
  <testcase name="caseProviderTest[0](12, December)" classname="Variant3Test" time="0.001"/>
  <testcase name="caseProviderTest[1](1, January)" classname="Variant3Test" time="0.0"/>
  <testcase name="caseProviderTest[2](10, October)" classname="Variant3Test" time="0.001"/>
  <testcase name="forProviderTest[0](1, 5, [I@76f4b65)" classname="Variant3Test" time="0.0"/>
  <testcase name="forProviderTest[1](1, 10, [I@36328d33)" classname="Variant3Test" time="0.0"/>
  <testcase name="ifProviderTest[0](2, 3)" classname="Variant3Test" time="0.001"/>
  <testcase name="ifProviderTest[1](-2, -4)" classname="Variant3Test" time="0.0"/>
  <testcase name="ifProviderTest[2](10, 11)" classname="Variant3Test" time="0.001"/>
  <testcase name="integerProviderTest[0](2048, 2)" classname="Variant3Test" time="0.001"/>
  <testcase name="integerProviderTest[1](1024, 1)" classname="Variant3Test" time="0.0"/>
  <testcase name="integerProviderTest[2](4096, 4)" classname="Variant3Test" time="0.0"/>
  <testcase name="matrixProviderTest[0](4, 4, [I@ab7395e, [[I@50d13246)" classname="Variant3Test" time="0.009"/>
  <testcase name="whileProviderTest[0](53, 5, [I@6dab9b6d)" classname="Variant3Test" time="0.0"/>
  <testcase name="whileProviderTest[1](100, 10, [I@2766ca9d)" classname="Variant3Test" time="0.0"/>
  <system-out><![CDATA[]]></system-out>
  <system-err><![CDATA[]]></system-err>
</testsuite>
