<?xml version="1.0" encoding="UTF-8"?>
<testsuite name="lab1Test" tests="8" skipped="0" failures="0" errors="0" timestamp="2022-12-12T23:59:19" hostname="DESKTOP-PHDPGCK" time="0.023">
  <properties/>
  <testcase name="equalShapeTest[0](Rectangle{length=10, width=20, shapeId=1, shapeName='Rectangle'}, Rectangle{length=10, width=20, shapeId=1, shapeName='Rectangle'}, true)" classname="lab1Test" time="0.009"/>
  <testcase name="equalShapeTest[1](Rectangle{length=20, width=40, shapeId=3, shapeName='Rectangle'}, Rectangle{length=10, width=20, shapeId=1, shapeName='Rectangle'}, false)" classname="lab1Test" time="0.0"/>
  <testcase name="equalShapeTest[2](Circle{radius=10, shapeId=2, shapeName='Circle'}, Circle{radius=10, shapeId=2, shapeName='Circle'}, true)" classname="lab1Test" time="0.006"/>
  <testcase name="equalShapeTest[3](Circle{radius=10, shapeId=2, shapeName='Circle'}, Rectangle{length=10, width=20, shapeId=1, shapeName='Rectangle'}, false)" classname="lab1Test" time="0.0"/>
  <testcase name="hashEqualShapesTest[0](Rectangle{length=10, width=20, shapeId=1, shapeName='Rectangle'}, Rectangle{length=10, width=20, shapeId=1, shapeName='Rectangle'})" classname="lab1Test" time="0.001"/>
  <testcase name="hashEqualShapesTest[1](Circle{radius=10, shapeId=2, shapeName='Circle'}, Circle{radius=10, shapeId=2, shapeName='Circle'})" classname="lab1Test" time="0.0"/>
  <testcase name="stringEqualShapesTest[0](Rectangle{length=10, width=20, shapeId=1, shapeName='Rectangle'}, Rectangle{length=10, width=20, shapeId=1, shapeName='Rectangle'})" classname="lab1Test" time="0.001"/>
  <testcase name="stringEqualShapesTest[1](Circle{radius=10, shapeId=2, shapeName='Circle'}, Circle{radius=10, shapeId=2, shapeName='Circle'})" classname="lab1Test" time="0.0"/>
  <system-out><![CDATA[]]></system-out>
  <system-err><![CDATA[]]></system-err>
</testsuite>
